{"timestamp":"2025-10-18T21:13:22.045Z","level":"error","message":"Connection timeout","correlationId":"mgwryg71-97d7a3bc","component":"Chanuka"}
{"timestamp":"2025-10-18T21:13:22.055Z","level":"error","message":"Error scheduling digest notifications:","correlationId":"mgwryg7b-dd7daaad","component":"Chanuka","error":{"message":"users is not defined","name":"ReferenceError","stack":"ReferenceError: users is not defined\n    at NotificationSchedulerService.getUsersWithDigestEnabled (C:\\Users\\Access Granted\\Downloads\\projects\\SimpleTool\\server\\infrastructure\\notifications\\notification-scheduler.ts:433:44)\n    at NotificationSchedulerService.scheduleDigestNotifications (C:\\Users\\Access Granted\\Downloads\\projects\\SimpleTool\\server\\infrastructure\\notifications\\notification-scheduler.ts:96:43)\n    at NotificationSchedulerService.initialize (C:\\Users\\Access Granted\\Downloads\\projects\\SimpleTool\\server\\infrastructure\\notifications\\notification-scheduler.ts:75:16)\n    at Object.init (C:\\Users\\Access Granted\\Downloads\\projects\\SimpleTool\\server\\index.ts:664:48)\n    at Server.<anonymous> (C:\\Users\\Access Granted\\Downloads\\projects\\SimpleTool\\server\\index.ts:704:21)"}}
{"timestamp":"2025-10-18T21:13:22.092Z","level":"error","message":"Critical error in monitoring cycle","correlationId":"mgwryg8c-63c96dd6","error":{}}
{"timestamp":"2025-10-18T21:13:22.093Z","level":"error","message":"Error in monitoring cycle","correlationId":"mgwryg8d-12aab158","error":{}}
{"timestamp":"2025-10-18T21:15:22.071Z","level":"warn","message":"WebSocket Health Warning","correlationId":"mgws10t3-d4c7e7ee","component":"WebSocketService","activeConnections":0,"queueDepth":0,"droppedMessages":0,"heapUsedPercent":"96.60%","isHealthy":false}
{"timestamp":"2025-10-18T21:16:22.055Z","level":"warn","message":"⚠️ HIGH MEMORY PRESSURE - Performing moderate cleanup","correlationId":"mgws2b3b-af71238d","component":"WebSocketService","heapUsedPercent":"92.84%"}
{"timestamp":"2025-10-18T21:16:22.071Z","level":"warn","message":"WebSocket Health Warning","correlationId":"mgws2b3r-d6c548a0","component":"WebSocketService","activeConnections":0,"queueDepth":0,"droppedMessages":0,"heapUsedPercent":"92.85%","isHealthy":false}
{"timestamp":"2025-10-18T21:17:22.076Z","level":"warn","message":"WebSocket Health Warning","correlationId":"mgws3lek-d1495bfe","component":"WebSocketService","activeConnections":0,"queueDepth":0,"droppedMessages":0,"heapUsedPercent":"97.11%","isHealthy":false}
{"timestamp":"2025-10-18T21:18:22.088Z","level":"warn","message":"WebSocket Health Warning","correlationId":"mgws4vpk-65d80a93","component":"WebSocketService","activeConnections":0,"queueDepth":0,"droppedMessages":0,"heapUsedPercent":"97.33%","isHealthy":false}
{"timestamp":"2025-10-18T21:19:19.054Z","level":"error","message":"Connection timeout","correlationId":"mgws63ny-3352192c","component":"Chanuka"}
{"timestamp":"2025-10-18T21:19:22.061Z","level":"warn","message":"🚨 CRITICAL MEMORY PRESSURE - Performing aggressive cleanup","correlationId":"mgws65zh-a478b4cd","component":"WebSocketService","heapUsedPercent":"97.26%"}
{"timestamp":"2025-10-18T21:19:22.095Z","level":"warn","message":"WebSocket Health Warning","correlationId":"mgws660f-01b6ed31","component":"WebSocketService","activeConnections":0,"queueDepth":0,"droppedMessages":0,"heapUsedPercent":"97.28%","isHealthy":false}
{"timestamp":"2025-10-18T21:20:22.097Z","level":"warn","message":"WebSocket Health Warning","correlationId":"mgws7gb5-45cd3544","component":"WebSocketService","activeConnections":0,"queueDepth":0,"droppedMessages":0,"heapUsedPercent":"96.92%","isHealthy":false}
{"timestamp":"2025-10-18T21:21:22.097Z","level":"warn","message":"WebSocket Health Warning","correlationId":"mgws8qlt-e9ebd354","component":"WebSocketService","activeConnections":0,"queueDepth":0,"droppedMessages":0,"heapUsedPercent":"97.07%","isHealthy":false}
{"timestamp":"2025-10-18T21:22:22.070Z","level":"warn","message":"🚨 CRITICAL MEMORY PRESSURE - Performing aggressive cleanup","correlationId":"mgwsa0vq-cb33eb6d","component":"WebSocketService","heapUsedPercent":"97.66%"}
{"timestamp":"2025-10-18T21:22:22.104Z","level":"warn","message":"WebSocket Health Warning","correlationId":"mgwsa0wo-82884d43","component":"WebSocketService","activeConnections":0,"queueDepth":0,"droppedMessages":0,"heapUsedPercent":"97.68%","isHealthy":false}
{"timestamp":"2025-10-18T21:23:22.114Z","level":"warn","message":"WebSocket Health Warning","correlationId":"mgwsbb7m-0efc4baf","component":"WebSocketService","activeConnections":0,"queueDepth":0,"droppedMessages":0,"heapUsedPercent":"97.30%","isHealthy":false}
{"timestamp":"2025-10-18T21:24:22.120Z","level":"warn","message":"WebSocket Health Warning","correlationId":"mgwsclig-377ba81a","component":"WebSocketService","activeConnections":0,"queueDepth":0,"droppedMessages":0,"heapUsedPercent":"97.25%","isHealthy":false}
{"timestamp":"2025-10-18T21:25:22.078Z","level":"warn","message":"🚨 CRITICAL MEMORY PRESSURE - Performing aggressive cleanup","correlationId":"mgwsdvry-bf15a67a","component":"WebSocketService","heapUsedPercent":"97.09%"}
{"timestamp":"2025-10-18T21:25:22.119Z","level":"warn","message":"WebSocket Health Warning","correlationId":"mgwsdvt3-e0cba42f","component":"WebSocketService","activeConnections":0,"queueDepth":0,"droppedMessages":0,"heapUsedPercent":"97.11%","isHealthy":false}
{"timestamp":"2025-10-18T21:26:22.124Z","level":"warn","message":"WebSocket Health Warning","correlationId":"mgwsf63w-53115fc4","component":"WebSocketService","activeConnections":0,"queueDepth":0,"droppedMessages":0,"heapUsedPercent":"97.29%","isHealthy":false}
{"timestamp":"2025-10-18T21:27:22.135Z","level":"warn","message":"WebSocket Health Warning","correlationId":"mgwsggev-4ea2d37b","component":"WebSocketService","activeConnections":0,"queueDepth":0,"droppedMessages":0,"heapUsedPercent":"97.46%","isHealthy":false}
{"timestamp":"2025-10-18T21:28:22.088Z","level":"warn","message":"🚨 CRITICAL MEMORY PRESSURE - Performing aggressive cleanup","correlationId":"mgwshqo8-5d0f79af","component":"WebSocketService","heapUsedPercent":"97.10%"}
{"timestamp":"2025-10-18T21:28:22.137Z","level":"warn","message":"WebSocket Health Warning","correlationId":"mgwshqpl-91cc0903","component":"WebSocketService","activeConnections":0,"queueDepth":0,"droppedMessages":0,"heapUsedPercent":"97.12%","isHealthy":false}
{"timestamp":"2025-10-18T21:29:22.144Z","level":"warn","message":"WebSocket Health Warning","correlationId":"mgwsj10g-2ce5f585","component":"WebSocketService","activeConnections":0,"queueDepth":0,"droppedMessages":0,"heapUsedPercent":"97.41%","isHealthy":false}
{"timestamp":"2025-10-18T21:30:22.152Z","level":"warn","message":"WebSocket Health Warning","correlationId":"mgwskbbc-bf65baf2","component":"WebSocketService","activeConnections":0,"queueDepth":0,"droppedMessages":0,"heapUsedPercent":"97.46%","isHealthy":false}
{"timestamp":"2025-10-18T21:31:22.102Z","level":"warn","message":"🚨 CRITICAL MEMORY PRESSURE - Performing aggressive cleanup","correlationId":"mgwsllkm-9e314f28","component":"WebSocketService","heapUsedPercent":"97.28%"}
{"timestamp":"2025-10-18T21:31:22.151Z","level":"warn","message":"WebSocket Health Warning","correlationId":"mgwslllz-7bdf900a","component":"WebSocketService","activeConnections":0,"queueDepth":0,"droppedMessages":0,"heapUsedPercent":"97.30%","isHealthy":false}
{"timestamp":"2025-10-18T21:32:22.152Z","level":"warn","message":"WebSocket Health Warning","correlationId":"mgwsmvwn-d25904ee","component":"WebSocketService","activeConnections":0,"queueDepth":0,"droppedMessages":0,"heapUsedPercent":"97.42%","isHealthy":false}
{"timestamp":"2025-10-18T21:33:22.159Z","level":"warn","message":"WebSocket Health Warning","correlationId":"mgwso67j-ce1c648f","component":"WebSocketService","activeConnections":0,"queueDepth":0,"droppedMessages":0,"heapUsedPercent":"97.63%","isHealthy":false}
{"timestamp":"2025-10-18T21:34:22.110Z","level":"warn","message":"🚨 CRITICAL MEMORY PRESSURE - Performing aggressive cleanup","correlationId":"mgwspggt-80a673bc","component":"WebSocketService","heapUsedPercent":"97.39%"}
{"timestamp":"2025-10-18T21:34:22.160Z","level":"warn","message":"WebSocket Health Warning","correlationId":"mgwspgi7-e85efe2f","component":"WebSocketService","activeConnections":0,"queueDepth":0,"droppedMessages":0,"heapUsedPercent":"97.40%","isHealthy":false}
{"timestamp":"2025-10-18T21:35:22.160Z","level":"warn","message":"WebSocket Health Warning","correlationId":"mgwsqqsw-5600c1b2","component":"WebSocketService","activeConnections":0,"queueDepth":0,"droppedMessages":0,"heapUsedPercent":"97.24%","isHealthy":false}
{"timestamp":"2025-10-18T21:36:22.165Z","level":"warn","message":"WebSocket Health Warning","correlationId":"mgwss13p-a579023e","component":"WebSocketService","activeConnections":0,"queueDepth":0,"droppedMessages":0,"heapUsedPercent":"97.42%","isHealthy":false}
{"timestamp":"2025-10-18T21:37:22.124Z","level":"warn","message":"🚨 CRITICAL MEMORY PRESSURE - Performing aggressive cleanup","correlationId":"mgwstbd8-c8c5b5f7","component":"WebSocketService","heapUsedPercent":"97.54%"}
{"timestamp":"2025-10-18T21:37:22.181Z","level":"warn","message":"WebSocket Health Warning","correlationId":"mgwstbet-dc2db923","component":"WebSocketService","activeConnections":0,"queueDepth":0,"droppedMessages":0,"heapUsedPercent":"97.56%","isHealthy":false}
{"timestamp":"2025-10-18T21:38:22.184Z","level":"warn","message":"WebSocket Health Warning","correlationId":"mgwsulpj-c3044868","component":"WebSocketService","activeConnections":0,"queueDepth":0,"droppedMessages":0,"heapUsedPercent":"97.19%","isHealthy":false}
{"timestamp":"2025-10-18T21:39:22.187Z","level":"warn","message":"WebSocket Health Warning","correlationId":"mgwsvw0b-5f44f13d","component":"WebSocketService","activeConnections":0,"queueDepth":0,"droppedMessages":0,"heapUsedPercent":"96.16%","isHealthy":false}
{"timestamp":"2025-10-18T21:40:22.131Z","level":"warn","message":"🚨 CRITICAL MEMORY PRESSURE - Performing aggressive cleanup","correlationId":"mgwsx69f-2662307f","component":"WebSocketService","heapUsedPercent":"97.52%"}
{"timestamp":"2025-10-18T21:40:22.192Z","level":"warn","message":"WebSocket Health Warning","correlationId":"mgwsx6b4-6ecf7556","component":"WebSocketService","activeConnections":0,"queueDepth":0,"droppedMessages":0,"heapUsedPercent":"97.34%","isHealthy":false}
{"timestamp":"2025-10-18T21:41:22.197Z","level":"warn","message":"WebSocket Health Warning","correlationId":"mgwsyglx-ef50c3b3","component":"WebSocketService","activeConnections":0,"queueDepth":0,"droppedMessages":0,"heapUsedPercent":"97.29%","isHealthy":false}
{"timestamp":"2025-10-18T21:42:22.203Z","level":"warn","message":"WebSocket Health Warning","correlationId":"mgwszqwr-bec62335","component":"WebSocketService","activeConnections":0,"queueDepth":0,"droppedMessages":0,"heapUsedPercent":"97.28%","isHealthy":false}
{"timestamp":"2025-10-18T21:43:22.134Z","level":"warn","message":"🚨 CRITICAL MEMORY PRESSURE - Performing aggressive cleanup","correlationId":"mgwt115i-e672cf3c","component":"WebSocketService","heapUsedPercent":"97.42%"}
{"timestamp":"2025-10-18T21:43:22.216Z","level":"warn","message":"WebSocket Health Warning","correlationId":"mgwt117s-58fc85f0","component":"WebSocketService","activeConnections":0,"queueDepth":0,"droppedMessages":0,"heapUsedPercent":"97.44%","isHealthy":false}
{"timestamp":"2025-10-18T21:44:22.231Z","level":"warn","message":"WebSocket Health Warning","correlationId":"mgwt2biv-79187257","component":"WebSocketService","activeConnections":0,"queueDepth":0,"droppedMessages":0,"heapUsedPercent":"88.14%","isHealthy":false}
{"timestamp":"2025-10-18T21:45:22.242Z","level":"warn","message":"WebSocket Health Warning","correlationId":"mgwt3ltu-4ad18002","component":"WebSocketService","activeConnections":0,"queueDepth":0,"droppedMessages":0,"heapUsedPercent":"94.48%","isHealthy":false}
{"timestamp":"2025-10-18T21:46:22.135Z","level":"warn","message":"⚠️ HIGH MEMORY PRESSURE - Performing moderate cleanup","correlationId":"mgwt4w1j-9f4e5847","component":"WebSocketService","heapUsedPercent":"94.54%"}
{"timestamp":"2025-10-18T21:46:22.256Z","level":"warn","message":"WebSocket Health Warning","correlationId":"mgwt4w4w-f5a85489","component":"WebSocketService","activeConnections":0,"queueDepth":0,"droppedMessages":0,"heapUsedPercent":"94.55%","isHealthy":false}
{"timestamp":"2025-10-18T21:47:22.260Z","level":"warn","message":"WebSocket Health Warning","correlationId":"mgwt66fn-b511a921","component":"WebSocketService","activeConnections":0,"queueDepth":0,"droppedMessages":0,"heapUsedPercent":"94.45%","isHealthy":false}
{"timestamp":"2025-10-18T21:48:22.264Z","level":"warn","message":"WebSocket Health Warning","correlationId":"mgwt7gqg-044ed31a","component":"WebSocketService","activeConnections":0,"queueDepth":0,"droppedMessages":0,"heapUsedPercent":"95.07%","isHealthy":false}
{"timestamp":"2025-10-18T21:49:22.143Z","level":"warn","message":"🚨 CRITICAL MEMORY PRESSURE - Performing aggressive cleanup","correlationId":"mgwt8qxq-f66d8aee","component":"WebSocketService","heapUsedPercent":"95.20%"}
{"timestamp":"2025-10-18T21:49:22.272Z","level":"warn","message":"WebSocket Health Warning","correlationId":"mgwt8r1c-a95102b9","component":"WebSocketService","activeConnections":0,"queueDepth":0,"droppedMessages":0,"heapUsedPercent":"95.22%","isHealthy":false}
{"timestamp":"2025-10-18T21:50:22.279Z","level":"warn","message":"WebSocket Health Warning","correlationId":"mgwta1c7-c7745ae4","component":"WebSocketService","activeConnections":0,"queueDepth":0,"droppedMessages":0,"heapUsedPercent":"95.00%","isHealthy":false}
{"timestamp":"2025-10-18T21:51:22.280Z","level":"warn","message":"WebSocket Health Warning","correlationId":"mgwtbbmw-b395c4b5","component":"WebSocketService","activeConnections":0,"queueDepth":0,"droppedMessages":0,"heapUsedPercent":"95.77%","isHealthy":false}
{"timestamp":"2025-10-18T21:52:22.157Z","level":"warn","message":"🚨 CRITICAL MEMORY PRESSURE - Performing aggressive cleanup","correlationId":"mgwtclu5-898c0096","component":"WebSocketService","heapUsedPercent":"95.71%"}
{"timestamp":"2025-10-18T21:52:22.296Z","level":"warn","message":"WebSocket Health Warning","correlationId":"mgwtcly0-a69cfc3f","component":"WebSocketService","activeConnections":0,"queueDepth":0,"droppedMessages":0,"heapUsedPercent":"95.73%","isHealthy":false}
{"timestamp":"2025-10-18T21:53:22.298Z","level":"warn","message":"WebSocket Health Warning","correlationId":"mgwtdw8q-d1be811c","component":"WebSocketService","activeConnections":0,"queueDepth":0,"droppedMessages":0,"heapUsedPercent":"95.34%","isHealthy":false}
{"timestamp":"2025-10-18T21:54:22.298Z","level":"warn","message":"WebSocket Health Warning","correlationId":"mgwtf6je-559b9e0a","component":"WebSocketService","activeConnections":0,"queueDepth":0,"droppedMessages":0,"heapUsedPercent":"96.01%","isHealthy":false}
{"timestamp":"2025-10-18T21:55:22.164Z","level":"warn","message":"🚨 CRITICAL MEMORY PRESSURE - Performing aggressive cleanup","correlationId":"mgwtggqc-dc98cc62","component":"WebSocketService","heapUsedPercent":"95.49%"}
{"timestamp":"2025-10-18T21:55:22.308Z","level":"warn","message":"WebSocket Health Warning","correlationId":"mgwtgguc-089891f3","component":"WebSocketService","activeConnections":0,"queueDepth":0,"droppedMessages":0,"heapUsedPercent":"95.67%","isHealthy":false}
{"timestamp":"2025-10-18T21:56:22.314Z","level":"warn","message":"WebSocket Health Warning","correlationId":"mgwthr56-14824ac7","component":"WebSocketService","activeConnections":0,"queueDepth":0,"droppedMessages":0,"heapUsedPercent":"96.02%","isHealthy":false}
{"timestamp":"2025-10-18T21:57:22.315Z","level":"warn","message":"WebSocket Health Warning","correlationId":"mgwtj1fv-98fd7b2b","component":"WebSocketService","activeConnections":0,"queueDepth":0,"droppedMessages":0,"heapUsedPercent":"95.84%","isHealthy":false}
{"timestamp":"2025-10-18T21:58:22.172Z","level":"warn","message":"🚨 CRITICAL MEMORY PRESSURE - Performing aggressive cleanup","correlationId":"mgwtkbmk-6a910c63","component":"WebSocketService","heapUsedPercent":"95.75%"}
{"timestamp":"2025-10-18T21:58:22.319Z","level":"warn","message":"WebSocket Health Warning","correlationId":"mgwtkbqn-0edc1eb9","component":"WebSocketService","activeConnections":0,"queueDepth":0,"droppedMessages":0,"heapUsedPercent":"95.15%","isHealthy":false}
{"timestamp":"2025-10-18T21:59:22.326Z","level":"warn","message":"WebSocket Health Warning","correlationId":"mgwtlm1i-96291c3b","component":"WebSocketService","activeConnections":0,"queueDepth":0,"droppedMessages":0,"heapUsedPercent":"95.73%","isHealthy":false}
{"timestamp":"2025-10-18T22:00:22.330Z","level":"warn","message":"WebSocket Health Warning","correlationId":"mgwtmwca-16e4a750","component":"WebSocketService","activeConnections":0,"queueDepth":0,"droppedMessages":0,"heapUsedPercent":"94.66%","isHealthy":false}
{"timestamp":"2025-10-18T22:01:22.176Z","level":"warn","message":"🚨 CRITICAL MEMORY PRESSURE - Performing aggressive cleanup","correlationId":"mgwto6io-dadb8fbc","component":"WebSocketService","heapUsedPercent":"96.20%"}
{"timestamp":"2025-10-18T22:01:22.331Z","level":"warn","message":"WebSocket Health Warning","correlationId":"mgwto6mz-1b3f5bcc","component":"WebSocketService","activeConnections":0,"queueDepth":0,"droppedMessages":0,"heapUsedPercent":"96.22%","isHealthy":false}
{"timestamp":"2025-10-18T22:02:22.333Z","level":"warn","message":"WebSocket Health Warning","correlationId":"mgwtpgxp-f0ea9480","component":"WebSocketService","activeConnections":0,"queueDepth":0,"droppedMessages":0,"heapUsedPercent":"95.73%","isHealthy":false}
{"timestamp":"2025-10-18T22:03:22.335Z","level":"warn","message":"WebSocket Health Warning","correlationId":"mgwtqr8f-e28f3a4e","component":"WebSocketService","activeConnections":0,"queueDepth":0,"droppedMessages":0,"heapUsedPercent":"95.83%","isHealthy":false}
{"timestamp":"2025-10-18T22:04:19.320Z","level":"error","message":"Connection timeout","correlationId":"mgwtrz7c-3f2cdabe","component":"Chanuka"}
{"timestamp":"2025-10-18T22:04:22.183Z","level":"warn","message":"🚨 CRITICAL MEMORY PRESSURE - Performing aggressive cleanup","correlationId":"mgwts1ev-79378715","component":"WebSocketService","heapUsedPercent":"95.86%"}
{"timestamp":"2025-10-18T22:04:22.339Z","level":"warn","message":"WebSocket Health Warning","correlationId":"mgwts1j7-68e31883","component":"WebSocketService","activeConnections":0,"queueDepth":0,"droppedMessages":0,"heapUsedPercent":"95.88%","isHealthy":false}
{"timestamp":"2025-10-18T22:04:54.339Z","level":"error","message":"Connection timeout","correlationId":"mgwtsq83-ee791fd6","component":"Chanuka"}
{"timestamp":"2025-10-18T22:05:19.324Z","level":"error","message":"Connection timeout","correlationId":"mgwtt9i4-d3a15785","component":"Chanuka"}
{"timestamp":"2025-10-18T22:05:22.347Z","level":"warn","message":"WebSocket Health Warning","correlationId":"mgwttbu3-d4a84051","component":"WebSocketService","activeConnections":0,"queueDepth":0,"droppedMessages":0,"heapUsedPercent":"96.22%","isHealthy":false}
{"timestamp":"2025-10-18T22:05:29.361Z","level":"error","message":"Connection timeout","correlationId":"mgwtth8w-1dbef6a8","component":"Chanuka"}
{"timestamp":"2025-10-18T22:06:22.353Z","level":"warn","message":"WebSocket Health Warning","correlationId":"mgwtum4w-bdac8cc5","component":"WebSocketService","activeConnections":0,"queueDepth":0,"droppedMessages":0,"heapUsedPercent":"96.05%","isHealthy":false}
{"timestamp":"2025-10-18T22:07:22.196Z","level":"warn","message":"🚨 CRITICAL MEMORY PRESSURE - Performing aggressive cleanup","correlationId":"mgwtvwb8-33d13a26","component":"WebSocketService","heapUsedPercent":"95.66%"}
{"timestamp":"2025-10-18T22:07:22.358Z","level":"warn","message":"WebSocket Health Warning","correlationId":"mgwtvwfq-0a840070","component":"WebSocketService","activeConnections":0,"queueDepth":0,"droppedMessages":0,"heapUsedPercent":"95.68%","isHealthy":false}
{"timestamp":"2025-10-18T22:10:05.730Z","level":"error","message":"Error scheduling digest notifications:","correlationId":"mgwtzehu-ae5716e1","component":"Chanuka","error":{"message":"users is not defined","name":"ReferenceError","stack":"ReferenceError: users is not defined\n    at NotificationSchedulerService.getUsersWithDigestEnabled (C:\\Users\\Access Granted\\Downloads\\projects\\SimpleTool\\server\\infrastructure\\notifications\\notification-scheduler.ts:433:44)\n    at NotificationSchedulerService.scheduleDigestNotifications (C:\\Users\\Access Granted\\Downloads\\projects\\SimpleTool\\server\\infrastructure\\notifications\\notification-scheduler.ts:96:43)\n    at NotificationSchedulerService.initialize (C:\\Users\\Access Granted\\Downloads\\projects\\SimpleTool\\server\\infrastructure\\notifications\\notification-scheduler.ts:75:16)\n    at Object.init (C:\\Users\\Access Granted\\Downloads\\projects\\SimpleTool\\server\\index.ts:664:48)\n    at Server.<anonymous> (C:\\Users\\Access Granted\\Downloads\\projects\\SimpleTool\\server\\index.ts:704:21)\n    at process.processTicksAndRejections (node:internal/process/task_queues:105:5)"}}
{"timestamp":"2025-10-18T22:10:05.777Z","level":"error","message":"Critical error in monitoring cycle","correlationId":"mgwtzej5-c0c3394d","error":{}}
{"timestamp":"2025-10-18T22:10:05.778Z","level":"error","message":"Error in monitoring cycle","correlationId":"mgwtzej6-04dd99d7","error":{}}
{"timestamp":"2025-10-18T22:11:05.721Z","level":"warn","message":"WebSocket Health Warning","correlationId":"mgwu0os9-56554655","component":"WebSocketService","activeConnections":0,"queueDepth":0,"droppedMessages":0,"heapUsedPercent":"93.85%","isHealthy":false}
{"timestamp":"2025-10-18T22:20:56.545Z","level":"error","message":"Connection timeout","correlationId":"mgwudco1-b4232b4a","component":"Chanuka"}
{"timestamp":"2025-10-18T22:20:56.554Z","level":"error","message":"Error scheduling digest notifications:","correlationId":"mgwudcoa-0d9004c9","component":"Chanuka","error":{"message":"users is not defined","name":"ReferenceError","stack":"ReferenceError: users is not defined\n    at NotificationSchedulerService.getUsersWithDigestEnabled (C:\\Users\\Access Granted\\Downloads\\projects\\SimpleTool\\server\\infrastructure\\notifications\\notification-scheduler.ts:433:44)\n    at NotificationSchedulerService.scheduleDigestNotifications (C:\\Users\\Access Granted\\Downloads\\projects\\SimpleTool\\server\\infrastructure\\notifications\\notification-scheduler.ts:96:43)\n    at NotificationSchedulerService.initialize (C:\\Users\\Access Granted\\Downloads\\projects\\SimpleTool\\server\\infrastructure\\notifications\\notification-scheduler.ts:75:16)\n    at Object.init (C:\\Users\\Access Granted\\Downloads\\projects\\SimpleTool\\server\\index.ts:664:48)\n    at Server.<anonymous> (C:\\Users\\Access Granted\\Downloads\\projects\\SimpleTool\\server\\index.ts:704:21)"}}
{"timestamp":"2025-10-18T22:20:56.624Z","level":"error","message":"Critical error in monitoring cycle","correlationId":"mgwudcq8-3be718f1","error":{}}
{"timestamp":"2025-10-18T22:20:56.625Z","level":"error","message":"Error in monitoring cycle","correlationId":"mgwudcq9-cc96b6e0","error":{}}
{"timestamp":"2025-10-18T22:22:56.570Z","level":"warn","message":"WebSocket Health Warning","correlationId":"mgwufxa2-3169ebc1","component":"WebSocketService","activeConnections":0,"queueDepth":0,"droppedMessages":0,"heapUsedPercent":"90.57%","isHealthy":false}
{"timestamp":"2025-10-18T22:23:56.563Z","level":"warn","message":"🚨 CRITICAL MEMORY PRESSURE - Performing aggressive cleanup","correlationId":"mgwuh7kj-6bc0a57f","component":"WebSocketService","heapUsedPercent":"96.95%"}
{"timestamp":"2025-10-18T22:23:56.578Z","level":"warn","message":"WebSocket Health Warning","correlationId":"mgwuh7ky-1700cf3b","component":"WebSocketService","activeConnections":0,"queueDepth":0,"droppedMessages":0,"heapUsedPercent":"96.98%","isHealthy":false}
{"timestamp":"2025-10-18T22:24:52.941Z","level":"error","message":"Connection timeout","correlationId":"mgwuif2l-66a347b8","component":"Chanuka"}
{"timestamp":"2025-10-18T22:24:56.587Z","level":"warn","message":"WebSocket Health Warning","correlationId":"mgwuihvu-4365a86d","component":"WebSocketService","activeConnections":0,"queueDepth":0,"droppedMessages":0,"heapUsedPercent":"96.80%","isHealthy":false}
{"timestamp":"2025-10-18T22:25:27.964Z","level":"error","message":"Connection timeout","correlationId":"mgwuj63g-1404dc16","component":"Chanuka"}
{"timestamp":"2025-10-18T22:25:56.600Z","level":"warn","message":"WebSocket Health Warning","correlationId":"mgwujs6w-2de9368f","component":"WebSocketService","activeConnections":0,"queueDepth":0,"droppedMessages":0,"heapUsedPercent":"97.19%","isHealthy":false}
{"timestamp":"2025-10-18T22:26:56.564Z","level":"warn","message":"🚨 CRITICAL MEMORY PRESSURE - Performing aggressive cleanup","correlationId":"mgwul2gk-ad24a9b4","component":"WebSocketService","heapUsedPercent":"97.33%"}
{"timestamp":"2025-10-18T22:26:56.612Z","level":"warn","message":"WebSocket Health Warning","correlationId":"mgwul2hw-26bfddaf","component":"WebSocketService","activeConnections":0,"queueDepth":0,"droppedMessages":0,"heapUsedPercent":"97.35%","isHealthy":false}
{"timestamp":"2025-10-18T22:27:56.615Z","level":"warn","message":"WebSocket Health Warning","correlationId":"mgwumcsn-55bc3ecc","component":"WebSocketService","activeConnections":0,"queueDepth":0,"droppedMessages":0,"heapUsedPercent":"97.42%","isHealthy":false}
{"timestamp":"2025-10-18T22:28:56.623Z","level":"warn","message":"WebSocket Health Warning","correlationId":"mgwunn3j-73f76d52","component":"WebSocketService","activeConnections":0,"queueDepth":0,"droppedMessages":0,"heapUsedPercent":"97.13%","isHealthy":false}
{"timestamp":"2025-10-18T22:29:56.573Z","level":"warn","message":"🚨 CRITICAL MEMORY PRESSURE - Performing aggressive cleanup","correlationId":"mgwuoxcs-1049f905","component":"WebSocketService","heapUsedPercent":"97.19%"}
{"timestamp":"2025-10-18T22:29:56.634Z","level":"warn","message":"WebSocket Health Warning","correlationId":"mgwuoxei-a3df73ac","component":"WebSocketService","activeConnections":0,"queueDepth":0,"droppedMessages":0,"heapUsedPercent":"97.21%","isHealthy":false}
{"timestamp":"2025-10-18T22:30:56.643Z","level":"warn","message":"WebSocket Health Warning","correlationId":"mgwuq7pf-96564380","component":"WebSocketService","activeConnections":0,"queueDepth":0,"droppedMessages":0,"heapUsedPercent":"97.06%","isHealthy":false}
{"timestamp":"2025-10-18T22:31:56.648Z","level":"warn","message":"WebSocket Health Warning","correlationId":"mgwuri08-25e6c7d8","component":"WebSocketService","activeConnections":0,"queueDepth":0,"droppedMessages":0,"heapUsedPercent":"97.27%","isHealthy":false}
{"timestamp":"2025-10-18T22:32:56.577Z","level":"warn","message":"🚨 CRITICAL MEMORY PRESSURE - Performing aggressive cleanup","correlationId":"mgwuss8x-68702824","component":"WebSocketService","heapUsedPercent":"97.42%"}
{"timestamp":"2025-10-18T22:32:56.656Z","level":"warn","message":"WebSocket Health Warning","correlationId":"mgwussb4-30f1f8af","component":"WebSocketService","activeConnections":0,"queueDepth":0,"droppedMessages":0,"heapUsedPercent":"97.43%","isHealthy":false}
{"timestamp":"2025-10-18T22:33:53.002Z","level":"error","message":"Connection timeout","correlationId":"mgwutzs9-11a18479","component":"Chanuka"}
{"timestamp":"2025-10-18T22:33:56.656Z","level":"warn","message":"WebSocket Health Warning","correlationId":"mgwuu2ls-bd2885a9","component":"WebSocketService","activeConnections":0,"queueDepth":0,"droppedMessages":0,"heapUsedPercent":"96.98%","isHealthy":false}
{"timestamp":"2025-10-18T22:34:56.670Z","level":"warn","message":"WebSocket Health Warning","correlationId":"mgwuvcwu-59e8176c","component":"WebSocketService","activeConnections":0,"queueDepth":0,"droppedMessages":0,"heapUsedPercent":"96.99%","isHealthy":false}
{"timestamp":"2025-10-18T22:35:56.593Z","level":"warn","message":"🚨 CRITICAL MEMORY PRESSURE - Performing aggressive cleanup","correlationId":"mgwuwn5c-0f392b09","component":"WebSocketService","heapUsedPercent":"97.43%"}
{"timestamp":"2025-10-18T22:35:56.671Z","level":"warn","message":"WebSocket Health Warning","correlationId":"mgwuwn7j-02d8f02c","component":"WebSocketService","activeConnections":0,"queueDepth":0,"droppedMessages":0,"heapUsedPercent":"97.45%","isHealthy":false}
{"timestamp":"2025-10-18T22:36:56.679Z","level":"warn","message":"WebSocket Health Warning","correlationId":"mgwuxxif-9240c304","component":"WebSocketService","activeConnections":0,"queueDepth":0,"droppedMessages":0,"heapUsedPercent":"97.25%","isHealthy":false}
{"timestamp":"2025-10-18T22:37:56.680Z","level":"warn","message":"WebSocket Health Warning","correlationId":"mgwuz7t3-f571712f","component":"WebSocketService","activeConnections":0,"queueDepth":0,"droppedMessages":0,"heapUsedPercent":"96.91%","isHealthy":false}
{"timestamp":"2025-10-18T22:38:56.604Z","level":"warn","message":"🚨 CRITICAL MEMORY PRESSURE - Performing aggressive cleanup","correlationId":"mgwv0i1o-ac50e920","component":"WebSocketService","heapUsedPercent":"97.60%"}
{"timestamp":"2025-10-18T22:38:56.682Z","level":"warn","message":"WebSocket Health Warning","correlationId":"mgwv0i3u-b8d76f6c","component":"WebSocketService","activeConnections":0,"queueDepth":0,"droppedMessages":0,"heapUsedPercent":"97.62%","isHealthy":false}
{"timestamp":"2025-10-18T22:39:56.692Z","level":"warn","message":"WebSocket Health Warning","correlationId":"mgwv1ses-1cfce1b3","component":"WebSocketService","activeConnections":0,"queueDepth":0,"droppedMessages":0,"heapUsedPercent":"97.27%","isHealthy":false}
{"timestamp":"2025-10-18T22:40:56.693Z","level":"warn","message":"WebSocket Health Warning","correlationId":"mgwv32ph-7e877e18","component":"WebSocketService","activeConnections":0,"queueDepth":0,"droppedMessages":0,"heapUsedPercent":"97.40%","isHealthy":false}
{"timestamp":"2025-10-18T22:41:56.617Z","level":"warn","message":"🚨 CRITICAL MEMORY PRESSURE - Performing aggressive cleanup","correlationId":"mgwv4cy1-bd91b3aa","component":"WebSocketService","heapUsedPercent":"97.08%"}
{"timestamp":"2025-10-18T22:41:56.696Z","level":"warn","message":"WebSocket Health Warning","correlationId":"mgwv4d08-df74046c","component":"WebSocketService","activeConnections":0,"queueDepth":0,"droppedMessages":0,"heapUsedPercent":"97.10%","isHealthy":false}
{"timestamp":"2025-10-18T22:42:56.709Z","level":"warn","message":"WebSocket Health Warning","correlationId":"mgwv5nb9-d733ca41","component":"WebSocketService","activeConnections":0,"queueDepth":0,"droppedMessages":0,"heapUsedPercent":"97.42%","isHealthy":false}
{"timestamp":"2025-10-18T22:43:56.718Z","level":"warn","message":"WebSocket Health Warning","correlationId":"mgwv6xm6-e6ace367","component":"WebSocketService","activeConnections":0,"queueDepth":0,"droppedMessages":0,"heapUsedPercent":"97.41%","isHealthy":false}
{"timestamp":"2025-10-18T22:44:56.616Z","level":"warn","message":"🚨 CRITICAL MEMORY PRESSURE - Performing aggressive cleanup","correlationId":"mgwv87u0-9265bb36","component":"WebSocketService","heapUsedPercent":"96.93%"}
{"timestamp":"2025-10-18T22:44:56.725Z","level":"warn","message":"WebSocket Health Warning","correlationId":"mgwv87x1-ad09b901","component":"WebSocketService","activeConnections":0,"queueDepth":0,"droppedMessages":0,"heapUsedPercent":"96.95%","isHealthy":false}
{"timestamp":"2025-10-18T22:45:56.732Z","level":"warn","message":"WebSocket Health Warning","correlationId":"mgwv9i7w-2ab457a1","component":"WebSocketService","activeConnections":0,"queueDepth":0,"droppedMessages":0,"heapUsedPercent":"97.29%","isHealthy":false}
{"timestamp":"2025-10-18T22:46:56.738Z","level":"warn","message":"WebSocket Health Warning","correlationId":"mgwvasiq-924289cb","component":"WebSocketService","activeConnections":0,"queueDepth":0,"droppedMessages":0,"heapUsedPercent":"97.26%","isHealthy":false}
{"timestamp":"2025-10-18T22:47:56.625Z","level":"warn","message":"🚨 CRITICAL MEMORY PRESSURE - Performing aggressive cleanup","correlationId":"mgwvc2q9-489aa1c2","component":"WebSocketService","heapUsedPercent":"97.47%"}
{"timestamp":"2025-10-18T22:47:56.756Z","level":"warn","message":"WebSocket Health Warning","correlationId":"mgwvc2tw-5f473591","component":"WebSocketService","activeConnections":0,"queueDepth":0,"droppedMessages":0,"heapUsedPercent":"96.94%","isHealthy":false}
{"timestamp":"2025-10-18T22:48:56.757Z","level":"warn","message":"WebSocket Health Warning","correlationId":"mgwvdd4l-52e13e5b","component":"WebSocketService","activeConnections":0,"queueDepth":0,"droppedMessages":0,"heapUsedPercent":"97.27%","isHealthy":false}
{"timestamp":"2025-10-18T22:49:56.772Z","level":"warn","message":"WebSocket Health Warning","correlationId":"mgwvenfo-2ae4f53f","component":"WebSocketService","activeConnections":0,"queueDepth":0,"droppedMessages":0,"heapUsedPercent":"97.09%","isHealthy":false}
{"timestamp":"2025-10-18T22:50:56.628Z","level":"warn","message":"⚠️ HIGH MEMORY PRESSURE - Performing moderate cleanup","correlationId":"mgwvfxmb-b8f18b45","component":"WebSocketService","heapUsedPercent":"88.34%"}
{"timestamp":"2025-10-18T22:50:56.785Z","level":"warn","message":"WebSocket Health Warning","correlationId":"mgwvfxqp-84b71d5b","component":"WebSocketService","activeConnections":0,"queueDepth":0,"droppedMessages":0,"heapUsedPercent":"88.35%","isHealthy":false}
{"timestamp":"2025-10-18T22:51:56.788Z","level":"warn","message":"WebSocket Health Warning","correlationId":"mgwvh81f-7cc5ac85","component":"WebSocketService","activeConnections":0,"queueDepth":0,"droppedMessages":0,"heapUsedPercent":"93.49%","isHealthy":false}
{"timestamp":"2025-10-18T22:52:56.788Z","level":"warn","message":"WebSocket Health Warning","correlationId":"mgwviic4-36d3c728","component":"WebSocketService","activeConnections":0,"queueDepth":0,"droppedMessages":0,"heapUsedPercent":"94.25%","isHealthy":false}
{"timestamp":"2025-10-18T22:53:56.630Z","level":"warn","message":"⚠️ HIGH MEMORY PRESSURE - Performing moderate cleanup","correlationId":"mgwvjsie-2828dc47","component":"WebSocketService","heapUsedPercent":"94.12%"}
{"timestamp":"2025-10-18T22:53:56.789Z","level":"warn","message":"WebSocket Health Warning","correlationId":"mgwvjsmt-02a563ae","component":"WebSocketService","activeConnections":0,"queueDepth":0,"droppedMessages":0,"heapUsedPercent":"94.13%","isHealthy":false}
{"timestamp":"2025-10-18T22:54:56.790Z","level":"warn","message":"WebSocket Health Warning","correlationId":"mgwvl2xi-e3c36662","component":"WebSocketService","activeConnections":0,"queueDepth":0,"droppedMessages":0,"heapUsedPercent":"94.03%","isHealthy":false}
{"timestamp":"2025-10-18T22:55:56.796Z","level":"warn","message":"WebSocket Health Warning","correlationId":"mgwvmd8c-91dbea4c","component":"WebSocketService","activeConnections":0,"queueDepth":0,"droppedMessages":0,"heapUsedPercent":"94.65%","isHealthy":false}
{"timestamp":"2025-10-18T22:56:56.635Z","level":"warn","message":"⚠️ HIGH MEMORY PRESSURE - Performing moderate cleanup","correlationId":"mgwvnnej-f8430e9e","component":"WebSocketService","heapUsedPercent":"94.75%"}
{"timestamp":"2025-10-18T22:56:56.807Z","level":"warn","message":"WebSocket Health Warning","correlationId":"mgwvnnjb-1e198ce0","component":"WebSocketService","activeConnections":0,"queueDepth":0,"droppedMessages":0,"heapUsedPercent":"94.76%","isHealthy":false}
{"timestamp":"2025-10-18T22:57:56.820Z","level":"warn","message":"WebSocket Health Warning","correlationId":"mgwvoxuc-cd91bb7a","component":"WebSocketService","activeConnections":0,"queueDepth":0,"droppedMessages":0,"heapUsedPercent":"94.33%","isHealthy":false}
{"timestamp":"2025-10-18T22:58:56.832Z","level":"warn","message":"WebSocket Health Warning","correlationId":"mgwvq85c-e1896196","component":"WebSocketService","activeConnections":0,"queueDepth":0,"droppedMessages":0,"heapUsedPercent":"95.03%","isHealthy":false}
{"timestamp":"2025-10-18T22:59:56.657Z","level":"warn","message":"🚨 CRITICAL MEMORY PRESSURE - Performing aggressive cleanup","correlationId":"mgwvrib5-32ebf28b","component":"WebSocketService","heapUsedPercent":"95.03%"}
{"timestamp":"2025-10-18T22:59:56.841Z","level":"warn","message":"WebSocket Health Warning","correlationId":"mgwvrig9-58b84d8c","component":"WebSocketService","activeConnections":0,"queueDepth":0,"droppedMessages":0,"heapUsedPercent":"95.05%","isHealthy":false}
{"timestamp":"2025-10-18T23:00:56.851Z","level":"warn","message":"WebSocket Health Warning","correlationId":"mgwvssr7-6c3e8063","component":"WebSocketService","activeConnections":0,"queueDepth":0,"droppedMessages":0,"heapUsedPercent":"95.26%","isHealthy":false}
{"timestamp":"2025-10-18T23:01:56.852Z","level":"warn","message":"WebSocket Health Warning","correlationId":"mgwvu31w-79a29d7b","component":"WebSocketService","activeConnections":0,"queueDepth":0,"droppedMessages":0,"heapUsedPercent":"95.56%","isHealthy":false}
{"timestamp":"2025-10-18T23:02:56.670Z","level":"warn","message":"🚨 CRITICAL MEMORY PRESSURE - Performing aggressive cleanup","correlationId":"mgwvvd7i-f08b87ad","component":"WebSocketService","heapUsedPercent":"95.52%"}
{"timestamp":"2025-10-18T23:02:56.856Z","level":"warn","message":"WebSocket Health Warning","correlationId":"mgwvvdco-ca312ac9","component":"WebSocketService","activeConnections":0,"queueDepth":0,"droppedMessages":0,"heapUsedPercent":"95.55%","isHealthy":false}
{"timestamp":"2025-10-18T23:03:56.862Z","level":"warn","message":"WebSocket Health Warning","correlationId":"mgwvwnnh-df3db395","component":"WebSocketService","activeConnections":0,"queueDepth":0,"droppedMessages":0,"heapUsedPercent":"95.18%","isHealthy":false}
{"timestamp":"2025-10-18T23:04:56.862Z","level":"warn","message":"WebSocket Health Warning","correlationId":"mgwvxxy5-e2b2a92a","component":"WebSocketService","activeConnections":0,"queueDepth":0,"droppedMessages":0,"heapUsedPercent":"95.28%","isHealthy":false}
{"timestamp":"2025-10-18T23:05:56.676Z","level":"warn","message":"🚨 CRITICAL MEMORY PRESSURE - Performing aggressive cleanup","correlationId":"mgwvz83o-48951c18","component":"WebSocketService","heapUsedPercent":"95.64%"}
{"timestamp":"2025-10-18T23:05:56.870Z","level":"warn","message":"WebSocket Health Warning","correlationId":"mgwvz892-d29a0cc6","component":"WebSocketService","activeConnections":0,"queueDepth":0,"droppedMessages":0,"heapUsedPercent":"95.81%","isHealthy":false}
{"timestamp":"2025-10-18T23:06:56.873Z","level":"warn","message":"WebSocket Health Warning","correlationId":"mgww0ijt-ce14c9be","component":"WebSocketService","activeConnections":0,"queueDepth":0,"droppedMessages":0,"heapUsedPercent":"95.32%","isHealthy":false}
{"timestamp":"2025-10-18T23:07:56.875Z","level":"warn","message":"WebSocket Health Warning","correlationId":"mgww1sui-267fb50b","component":"WebSocketService","activeConnections":0,"queueDepth":0,"droppedMessages":0,"heapUsedPercent":"95.07%","isHealthy":false}
{"timestamp":"2025-10-18T23:08:56.690Z","level":"warn","message":"🚨 CRITICAL MEMORY PRESSURE - Performing aggressive cleanup","correlationId":"mgww3302-d3702a23","component":"WebSocketService","heapUsedPercent":"95.80%"}
{"timestamp":"2025-10-18T23:08:56.878Z","level":"warn","message":"WebSocket Health Warning","correlationId":"mgww335a-d30c7145","component":"WebSocketService","activeConnections":0,"queueDepth":0,"droppedMessages":0,"heapUsedPercent":"95.82%","isHealthy":false}
{"timestamp":"2025-10-18T23:09:56.879Z","level":"warn","message":"WebSocket Health Warning","correlationId":"mgww4dfy-6c8cde6a","component":"WebSocketService","activeConnections":0,"queueDepth":0,"droppedMessages":0,"heapUsedPercent":"95.31%","isHealthy":false}
{"timestamp":"2025-10-18T23:10:56.887Z","level":"warn","message":"WebSocket Health Warning","correlationId":"mgww5nqu-260a4f14","component":"WebSocketService","activeConnections":0,"queueDepth":0,"droppedMessages":0,"heapUsedPercent":"95.46%","isHealthy":false}
{"timestamp":"2025-10-18T23:11:56.703Z","level":"warn","message":"🚨 CRITICAL MEMORY PRESSURE - Performing aggressive cleanup","correlationId":"mgww6xwf-9c453acd","component":"WebSocketService","heapUsedPercent":"95.70%"}
{"timestamp":"2025-10-18T23:11:56.890Z","level":"warn","message":"WebSocket Health Warning","correlationId":"mgww6y1m-02df2739","component":"WebSocketService","activeConnections":0,"queueDepth":0,"droppedMessages":0,"heapUsedPercent":"95.72%","isHealthy":false}
{"timestamp":"2025-10-18T23:12:56.901Z","level":"warn","message":"WebSocket Health Warning","correlationId":"mgww88cl-a19abeb7","component":"WebSocketService","activeConnections":0,"queueDepth":0,"droppedMessages":0,"heapUsedPercent":"95.32%","isHealthy":false}
{"timestamp":"2025-10-18T23:13:56.912Z","level":"warn","message":"WebSocket Health Warning","correlationId":"mgww9ink-a428ea2f","component":"WebSocketService","activeConnections":0,"queueDepth":0,"droppedMessages":0,"heapUsedPercent":"94.85%","isHealthy":false}
{"timestamp":"2025-10-18T23:14:56.709Z","level":"warn","message":"🚨 CRITICAL MEMORY PRESSURE - Performing aggressive cleanup","correlationId":"mgwwassl-9a81f2f0","component":"WebSocketService","heapUsedPercent":"95.48%"}
{"timestamp":"2025-10-18T23:14:56.928Z","level":"warn","message":"WebSocket Health Warning","correlationId":"mgwwasyo-df647c5c","component":"WebSocketService","activeConnections":0,"queueDepth":0,"droppedMessages":0,"heapUsedPercent":"95.50%","isHealthy":false}
{"timestamp":"2025-10-18T23:15:56.940Z","level":"warn","message":"WebSocket Health Warning","correlationId":"mgwwc39o-9bfc8287","component":"WebSocketService","activeConnections":0,"queueDepth":0,"droppedMessages":0,"heapUsedPercent":"95.20%","isHealthy":false}
{"timestamp":"2025-10-18T23:16:56.944Z","level":"warn","message":"WebSocket Health Warning","correlationId":"mgwwddkg-4fd24ff0","component":"WebSocketService","activeConnections":0,"queueDepth":0,"droppedMessages":0,"heapUsedPercent":"95.98%","isHealthy":false}
{"timestamp":"2025-10-18T23:17:56.722Z","level":"warn","message":"🚨 CRITICAL MEMORY PRESSURE - Performing aggressive cleanup","correlationId":"mgwwenoy-6a9308ae","component":"WebSocketService","heapUsedPercent":"95.62%"}
{"timestamp":"2025-10-18T23:17:56.959Z","level":"warn","message":"WebSocket Health Warning","correlationId":"mgwwenvj-042cc32a","component":"WebSocketService","activeConnections":0,"queueDepth":0,"droppedMessages":0,"heapUsedPercent":"95.64%","isHealthy":false}
{"timestamp":"2025-10-18T23:18:56.962Z","level":"warn","message":"WebSocket Health Warning","correlationId":"mgwwfy6a-53b8d46e","component":"WebSocketService","activeConnections":0,"queueDepth":0,"droppedMessages":0,"heapUsedPercent":"95.33%","isHealthy":false}
{"timestamp":"2025-10-18T23:19:56.971Z","level":"warn","message":"WebSocket Health Warning","correlationId":"mgwwh8h7-d9705e0d","component":"WebSocketService","activeConnections":0,"queueDepth":0,"droppedMessages":0,"heapUsedPercent":"96.05%","isHealthy":false}
{"timestamp":"2025-10-18T23:20:50.429Z","level":"error","message":"Error fetching popular bills:","correlationId":"mgwwidq5-8bbf7d70","component":"Chanuka","error":{"message":"relation \"bill\" does not exist","name":"error","stack":"error: relation \"bill\" does not exist\n    at C:\\Users\\Access Granted\\Downloads\\projects\\SimpleTool\\node_modules\\pg-pool\\index.js:45:11\n    at process.processTicksAndRejections (node:internal/process/task_queues:105:5)\n    at async <anonymous> (C:\\Users\\Access Granted\\Downloads\\projects\\SimpleTool\\node_modules\\src\\node-postgres\\session.ts:104:19)\n    at async Object.fetchFunction (C:\\Users\\Access Granted\\Downloads\\projects\\SimpleTool\\server\\infrastructure\\cache\\cache-warming.ts:292:18)\n    at async CacheWarmingService.executeWarmingRule (C:\\Users\\Access Granted\\Downloads\\projects\\SimpleTool\\server\\infrastructure\\cache\\cache-warming.ts:177:20)\n    at async Timeout._onTimeout (C:\\Users\\Access Granted\\Downloads\\projects\\SimpleTool\\server\\infrastructure\\cache\\cache-warming.ts:527:11)"}}
{"timestamp":"2025-10-18T23:20:51.482Z","level":"error","message":"Error fetching recent bills:","correlationId":"mgwwieje-7d99716d","component":"Chanuka","error":{"message":"relation \"bill\" does not exist","name":"error","stack":"error: relation \"bill\" does not exist\n    at C:\\Users\\Access Granted\\Downloads\\projects\\SimpleTool\\node_modules\\pg-pool\\index.js:45:11\n    at process.processTicksAndRejections (node:internal/process/task_queues:105:5)\n    at async <anonymous> (C:\\Users\\Access Granted\\Downloads\\projects\\SimpleTool\\node_modules\\src\\node-postgres\\session.ts:104:19)\n    at async Object.fetchFunction (C:\\Users\\Access Granted\\Downloads\\projects\\SimpleTool\\server\\infrastructure\\cache\\cache-warming.ts:316:18)\n    at async CacheWarmingService.executeWarmingRule (C:\\Users\\Access Granted\\Downloads\\projects\\SimpleTool\\server\\infrastructure\\cache\\cache-warming.ts:177:20)\n    at async Timeout._onTimeout (C:\\Users\\Access Granted\\Downloads\\projects\\SimpleTool\\server\\infrastructure\\cache\\cache-warming.ts:527:11)"}}
{"timestamp":"2025-10-18T23:20:51.695Z","level":"error","message":"Error fetching popular bills:","correlationId":"mgwwiepb-9c3a795d","component":"Chanuka","error":{"message":"relation \"bill\" does not exist","name":"error","stack":"error: relation \"bill\" does not exist\n    at C:\\Users\\Access Granted\\Downloads\\projects\\SimpleTool\\node_modules\\pg-pool\\index.js:45:11\n    at process.processTicksAndRejections (node:internal/process/task_queues:105:5)\n    at async <anonymous> (C:\\Users\\Access Granted\\Downloads\\projects\\SimpleTool\\node_modules\\src\\node-postgres\\session.ts:104:19)\n    at async Object.fetchFunction (C:\\Users\\Access Granted\\Downloads\\projects\\SimpleTool\\server\\infrastructure\\cache\\cache-warming.ts:292:18)\n    at async CacheWarmingService.executeWarmingRule (C:\\Users\\Access Granted\\Downloads\\projects\\SimpleTool\\server\\infrastructure\\cache\\cache-warming.ts:177:20)\n    at async Promise.allSettled (index 1)\n    at async CacheWarmingService.executeWarmingCycle (C:\\Users\\Access Granted\\Downloads\\projects\\SimpleTool\\server\\infrastructure\\cache\\cache-warming.ts:132:23)\n    at async Timeout._onTimeout (C:\\Users\\Access Granted\\Downloads\\projects\\SimpleTool\\server\\infrastructure\\cache\\cache-warming.ts:467:9)"}}
{"timestamp":"2025-10-18T23:20:51.720Z","level":"error","message":"Error fetching recent bills:","correlationId":"mgwwieq0-76f45f24","component":"Chanuka","error":{"message":"relation \"bill\" does not exist","name":"error","stack":"error: relation \"bill\" does not exist\n    at C:\\Users\\Access Granted\\Downloads\\projects\\SimpleTool\\node_modules\\pg-pool\\index.js:45:11\n    at process.processTicksAndRejections (node:internal/process/task_queues:105:5)\n    at async <anonymous> (C:\\Users\\Access Granted\\Downloads\\projects\\SimpleTool\\node_modules\\src\\node-postgres\\session.ts:104:19)\n    at async Object.fetchFunction (C:\\Users\\Access Granted\\Downloads\\projects\\SimpleTool\\server\\infrastructure\\cache\\cache-warming.ts:316:18)\n    at async CacheWarmingService.executeWarmingRule (C:\\Users\\Access Granted\\Downloads\\projects\\SimpleTool\\server\\infrastructure\\cache\\cache-warming.ts:177:20)\n    at async Promise.allSettled (index 2)\n    at async CacheWarmingService.executeWarmingCycle (C:\\Users\\Access Granted\\Downloads\\projects\\SimpleTool\\server\\infrastructure\\cache\\cache-warming.ts:132:23)\n    at async Timeout._onTimeout (C:\\Users\\Access Granted\\Downloads\\projects\\SimpleTool\\server\\infrastructure\\cache\\cache-warming.ts:467:9)"}}
{"timestamp":"2025-10-18T23:20:56.731Z","level":"warn","message":"🚨 CRITICAL MEMORY PRESSURE - Performing aggressive cleanup","correlationId":"mgwwiil7-c0015c58","component":"WebSocketService","heapUsedPercent":"95.72%"}
{"timestamp":"2025-10-18T23:20:56.980Z","level":"warn","message":"WebSocket Health Warning","correlationId":"mgwwiis4-25a93c50","component":"WebSocketService","activeConnections":0,"queueDepth":0,"droppedMessages":0,"heapUsedPercent":"95.74%","isHealthy":false}
{"timestamp":"2025-10-19T09:07:52.099Z","level":"error","message":"Error scheduling digest notifications:","correlationId":"mgxhhaxv-42cc63fa","component":"Chanuka","error":{"message":"users is not defined","name":"ReferenceError","stack":"ReferenceError: users is not defined\n    at NotificationSchedulerService.getUsersWithDigestEnabled (C:\\Users\\Access Granted\\Downloads\\projects\\SimpleTool\\server\\infrastructure\\notifications\\notification-scheduler.ts:433:44)\n    at NotificationSchedulerService.scheduleDigestNotifications (C:\\Users\\Access Granted\\Downloads\\projects\\SimpleTool\\server\\infrastructure\\notifications\\notification-scheduler.ts:96:43)\n    at NotificationSchedulerService.initialize (C:\\Users\\Access Granted\\Downloads\\projects\\SimpleTool\\server\\infrastructure\\notifications\\notification-scheduler.ts:75:16)\n    at Object.init (C:\\Users\\Access Granted\\Downloads\\projects\\SimpleTool\\server\\index.ts:664:48)\n    at Server.<anonymous> (C:\\Users\\Access Granted\\Downloads\\projects\\SimpleTool\\server\\index.ts:704:21)\n    at process.processTicksAndRejections (node:internal/process/task_queues:105:5)"}}
{"timestamp":"2025-10-19T09:07:52.219Z","level":"error","message":"Critical error in monitoring cycle","correlationId":"mgxhhb17-9903d61a","error":{}}
{"timestamp":"2025-10-19T09:07:52.220Z","level":"error","message":"Error in monitoring cycle","correlationId":"mgxhhb18-240f70ca","error":{}}
{"timestamp":"2025-10-19T09:08:52.095Z","level":"warn","message":"WebSocket Health Warning","correlationId":"mgxhil8f-f2fac6a6","component":"WebSocketService","activeConnections":0,"queueDepth":0,"droppedMessages":0,"heapUsedPercent":"93.29%","isHealthy":false}
{"timestamp":"2025-10-19T09:09:52.095Z","level":"warn","message":"WebSocket Health Warning","correlationId":"mgxhjvj3-03636f46","component":"WebSocketService","activeConnections":0,"queueDepth":0,"droppedMessages":0,"heapUsedPercent":"93.60%","isHealthy":false}
{"timestamp":"2025-10-19T09:10:52.093Z","level":"warn","message":"⚠️ HIGH MEMORY PRESSURE - Performing moderate cleanup","correlationId":"mgxhl5to-20aa5be2","component":"WebSocketService","heapUsedPercent":"93.63%"}
{"timestamp":"2025-10-19T09:10:52.098Z","level":"warn","message":"WebSocket Health Warning","correlationId":"mgxhl5tu-58cac543","component":"WebSocketService","activeConnections":0,"queueDepth":0,"droppedMessages":0,"heapUsedPercent":"93.64%","isHealthy":false}
{"timestamp":"2025-10-19T09:11:52.117Z","level":"warn","message":"WebSocket Health Warning","correlationId":"mgxhmg50-8b0c17cc","component":"WebSocketService","activeConnections":0,"queueDepth":0,"droppedMessages":0,"heapUsedPercent":"93.86%","isHealthy":false}
{"timestamp":"2025-10-19T09:12:52.117Z","level":"warn","message":"WebSocket Health Warning","correlationId":"mgxhnqfp-8316498d","component":"WebSocketService","activeConnections":0,"queueDepth":0,"droppedMessages":0,"heapUsedPercent":"93.92%","isHealthy":false}
{"timestamp":"2025-10-19T09:13:52.105Z","level":"warn","message":"⚠️ HIGH MEMORY PRESSURE - Performing moderate cleanup","correlationId":"mgxhp0q0-e7dfd514","component":"WebSocketService","heapUsedPercent":"94.15%"}
{"timestamp":"2025-10-19T09:13:52.120Z","level":"warn","message":"WebSocket Health Warning","correlationId":"mgxhp0qg-7da9ad5f","component":"WebSocketService","activeConnections":0,"queueDepth":0,"droppedMessages":0,"heapUsedPercent":"94.16%","isHealthy":false}
{"timestamp":"2025-10-19T09:14:52.131Z","level":"warn","message":"WebSocket Health Warning","correlationId":"mgxhqb1f-8765984c","component":"WebSocketService","activeConnections":0,"queueDepth":0,"droppedMessages":0,"heapUsedPercent":"94.57%","isHealthy":false}
{"timestamp":"2025-10-19T09:15:52.142Z","level":"warn","message":"WebSocket Health Warning","correlationId":"mgxhrlcd-b8080bfe","component":"WebSocketService","activeConnections":0,"queueDepth":0,"droppedMessages":0,"heapUsedPercent":"94.51%","isHealthy":false}
{"timestamp":"2025-10-19T09:16:52.108Z","level":"warn","message":"🚨 CRITICAL MEMORY PRESSURE - Performing aggressive cleanup","correlationId":"mgxhsvm4-fd5fcfc5","component":"WebSocketService","heapUsedPercent":"95.01%"}
{"timestamp":"2025-10-19T09:16:52.151Z","level":"warn","message":"WebSocket Health Warning","correlationId":"mgxhsvnb-329975df","component":"WebSocketService","activeConnections":0,"queueDepth":0,"droppedMessages":0,"heapUsedPercent":"95.04%","isHealthy":false}
{"timestamp":"2025-10-19T09:17:52.160Z","level":"warn","message":"WebSocket Health Warning","correlationId":"mgxhu5y8-087c9ac0","component":"WebSocketService","activeConnections":0,"queueDepth":0,"droppedMessages":0,"heapUsedPercent":"95.15%","isHealthy":false}
{"timestamp":"2025-10-19T09:18:52.165Z","level":"warn","message":"WebSocket Health Warning","correlationId":"mgxhvg91-0061a304","component":"WebSocketService","activeConnections":0,"queueDepth":0,"droppedMessages":0,"heapUsedPercent":"95.03%","isHealthy":false}
{"timestamp":"2025-10-19T09:19:52.116Z","level":"warn","message":"🚨 CRITICAL MEMORY PRESSURE - Performing aggressive cleanup","correlationId":"mgxhwqic-9cedb08c","component":"WebSocketService","heapUsedPercent":"95.14%"}
{"timestamp":"2025-10-19T09:19:52.173Z","level":"warn","message":"WebSocket Health Warning","correlationId":"mgxhwqjx-dad876e3","component":"WebSocketService","activeConnections":0,"queueDepth":0,"droppedMessages":0,"heapUsedPercent":"95.16%","isHealthy":false}
{"timestamp":"2025-10-19T09:20:40.349Z","level":"error","message":"Error scheduling digest notifications:","correlationId":"mgxhxrq5-bf7bb0c7","component":"Chanuka","error":{"message":"users is not defined","name":"ReferenceError","stack":"ReferenceError: users is not defined\n    at NotificationSchedulerService.getUsersWithDigestEnabled (c:\\Users\\Access Granted\\Downloads\\projects\\SimpleTool\\server\\infrastructure\\notifications\\notification-scheduler.ts:433:44)\n    at NotificationSchedulerService.scheduleDigestNotifications (c:\\Users\\Access Granted\\Downloads\\projects\\SimpleTool\\server\\infrastructure\\notifications\\notification-scheduler.ts:96:43)\n    at NotificationSchedulerService.initialize (c:\\Users\\Access Granted\\Downloads\\projects\\SimpleTool\\server\\infrastructure\\notifications\\notification-scheduler.ts:75:16)\n    at Object.init (c:\\Users\\Access Granted\\Downloads\\projects\\SimpleTool\\server\\index.ts:664:48)\n    at Server.<anonymous> (c:\\Users\\Access Granted\\Downloads\\projects\\SimpleTool\\server\\index.ts:704:21)\n    at process.processTicksAndRejections (node:internal/process/task_queues:105:5)"}}
{"timestamp":"2025-10-19T09:20:40.421Z","level":"error","message":"Critical error in monitoring cycle","correlationId":"mgxhxrs5-eed8ba00","error":{}}
{"timestamp":"2025-10-19T09:20:40.422Z","level":"error","message":"Error in monitoring cycle","correlationId":"mgxhxrs6-a62fb339","error":{}}
{"timestamp":"2025-10-19T09:21:40.352Z","level":"warn","message":"WebSocket Health Warning","correlationId":"mgxhz20w-03fe8e6a","component":"WebSocketService","activeConnections":0,"queueDepth":0,"droppedMessages":0,"heapUsedPercent":"92.35%","isHealthy":false}
{"timestamp":"2025-10-19T09:23:38.022Z","level":"error","message":"Error scheduling digest notifications:","correlationId":"mgxi1kti-83a7db3c","component":"Chanuka","error":{"message":"users is not defined","name":"ReferenceError","stack":"ReferenceError: users is not defined\n    at NotificationSchedulerService.getUsersWithDigestEnabled (c:\\Users\\Access Granted\\Downloads\\projects\\SimpleTool\\server\\infrastructure\\notifications\\notification-scheduler.ts:433:44)\n    at NotificationSchedulerService.scheduleDigestNotifications (c:\\Users\\Access Granted\\Downloads\\projects\\SimpleTool\\server\\infrastructure\\notifications\\notification-scheduler.ts:96:43)\n    at NotificationSchedulerService.initialize (c:\\Users\\Access Granted\\Downloads\\projects\\SimpleTool\\server\\infrastructure\\notifications\\notification-scheduler.ts:75:16)\n    at Object.init (c:\\Users\\Access Granted\\Downloads\\projects\\SimpleTool\\server\\index.ts:664:48)\n    at Server.<anonymous> (c:\\Users\\Access Granted\\Downloads\\projects\\SimpleTool\\server\\index.ts:704:21)\n    at process.processTicksAndRejections (node:internal/process/task_queues:105:5)"}}
{"timestamp":"2025-10-19T09:23:38.088Z","level":"error","message":"Critical error in monitoring cycle","correlationId":"mgxi1kvc-c50a496f","error":{}}
{"timestamp":"2025-10-19T09:23:38.089Z","level":"error","message":"Error in monitoring cycle","correlationId":"mgxi1kvc-18987ed6","error":{}}
{"timestamp":"2025-10-19T09:24:38.018Z","level":"warn","message":"WebSocket Health Warning","correlationId":"mgxi2v42-101e7aeb","component":"WebSocketService","activeConnections":0,"queueDepth":0,"droppedMessages":0,"heapUsedPercent":"93.19%","isHealthy":false}
{"timestamp":"2025-10-19T09:25:38.019Z","level":"warn","message":"WebSocket Health Warning","correlationId":"mgxi45eq-b6d7b9aa","component":"WebSocketService","activeConnections":0,"queueDepth":0,"droppedMessages":0,"heapUsedPercent":"93.87%","isHealthy":false}
{"timestamp":"2025-10-19T09:26:38.022Z","level":"warn","message":"⚠️ HIGH MEMORY PRESSURE - Performing moderate cleanup","correlationId":"mgxi5fpi-a1fe290c","component":"WebSocketService","heapUsedPercent":"93.64%"}
{"timestamp":"2025-10-19T09:26:38.023Z","level":"warn","message":"WebSocket Health Warning","correlationId":"mgxi5fpj-ceea3733","component":"WebSocketService","activeConnections":0,"queueDepth":0,"droppedMessages":0,"heapUsedPercent":"93.65%","isHealthy":false}
{"timestamp":"2025-10-19T09:27:38.026Z","level":"warn","message":"WebSocket Health Warning","correlationId":"mgxi6q0a-4d792217","component":"WebSocketService","activeConnections":0,"queueDepth":0,"droppedMessages":0,"heapUsedPercent":"94.10%","isHealthy":false}
{"timestamp":"2025-10-19T09:28:38.028Z","level":"warn","message":"WebSocket Health Warning","correlationId":"mgxi80b0-e854c10a","component":"WebSocketService","activeConnections":0,"queueDepth":0,"droppedMessages":0,"heapUsedPercent":"94.04%","isHealthy":false}
{"timestamp":"2025-10-19T09:29:38.021Z","level":"warn","message":"⚠️ HIGH MEMORY PRESSURE - Performing moderate cleanup","correlationId":"mgxi9alh-c6627b5c","component":"WebSocketService","heapUsedPercent":"94.13%"}
{"timestamp":"2025-10-19T09:29:38.033Z","level":"warn","message":"WebSocket Health Warning","correlationId":"mgxi9alt-fb1c4404","component":"WebSocketService","activeConnections":0,"queueDepth":0,"droppedMessages":0,"heapUsedPercent":"94.19%","isHealthy":false}
{"timestamp":"2025-10-19T09:30:38.033Z","level":"warn","message":"WebSocket Health Warning","correlationId":"mgxiakwh-3ca2db44","component":"WebSocketService","activeConnections":0,"queueDepth":0,"droppedMessages":0,"heapUsedPercent":"94.61%","isHealthy":false}
{"timestamp":"2025-10-19T09:31:38.034Z","level":"warn","message":"WebSocket Health Warning","correlationId":"mgxibv76-955e29d5","component":"WebSocketService","activeConnections":0,"queueDepth":0,"droppedMessages":0,"heapUsedPercent":"94.66%","isHealthy":false}
{"timestamp":"2025-10-19T09:32:38.024Z","level":"warn","message":"⚠️ HIGH MEMORY PRESSURE - Performing moderate cleanup","correlationId":"mgxid5hk-12b1d773","component":"WebSocketService","heapUsedPercent":"94.67%"}
{"timestamp":"2025-10-19T09:32:38.039Z","level":"warn","message":"WebSocket Health Warning","correlationId":"mgxid5hz-4c00fefd","component":"WebSocketService","activeConnections":0,"queueDepth":0,"droppedMessages":0,"heapUsedPercent":"94.68%","isHealthy":false}
{"timestamp":"2025-10-19T09:33:38.045Z","level":"warn","message":"WebSocket Health Warning","correlationId":"mgxiefss-b5b5b8e4","component":"WebSocketService","activeConnections":0,"queueDepth":0,"droppedMessages":0,"heapUsedPercent":"95.10%","isHealthy":false}
{"timestamp":"2025-10-19T09:34:38.051Z","level":"warn","message":"WebSocket Health Warning","correlationId":"mgxifq3n-5e9f7cde","component":"WebSocketService","activeConnections":0,"queueDepth":0,"droppedMessages":0,"heapUsedPercent":"95.02%","isHealthy":false}
{"timestamp":"2025-10-19T09:35:38.026Z","level":"warn","message":"🚨 CRITICAL MEMORY PRESSURE - Performing aggressive cleanup","correlationId":"mgxih0dm-15fc7b1a","component":"WebSocketService","heapUsedPercent":"95.17%"}
{"timestamp":"2025-10-19T09:35:38.064Z","level":"warn","message":"WebSocket Health Warning","correlationId":"mgxih0eo-833cf6e1","component":"WebSocketService","activeConnections":0,"queueDepth":0,"droppedMessages":0,"heapUsedPercent":"95.19%","isHealthy":false}
{"timestamp":"2025-10-19T09:36:38.072Z","level":"warn","message":"WebSocket Health Warning","correlationId":"mgxiiapk-b793b328","component":"WebSocketService","activeConnections":0,"queueDepth":0,"droppedMessages":0,"heapUsedPercent":"94.76%","isHealthy":false}
{"timestamp":"2025-10-19T09:37:38.076Z","level":"warn","message":"WebSocket Health Warning","correlationId":"mgxijl0c-4244ded2","component":"WebSocketService","activeConnections":0,"queueDepth":0,"droppedMessages":0,"heapUsedPercent":"95.74%","isHealthy":false}
{"timestamp":"2025-10-19T09:38:38.026Z","level":"warn","message":"🚨 CRITICAL MEMORY PRESSURE - Performing aggressive cleanup","correlationId":"mgxikv9m-78c86a6e","component":"WebSocketService","heapUsedPercent":"95.60%"}
{"timestamp":"2025-10-19T09:38:38.078Z","level":"warn","message":"WebSocket Health Warning","correlationId":"mgxikvb2-f5a15be4","component":"WebSocketService","activeConnections":0,"queueDepth":0,"droppedMessages":0,"heapUsedPercent":"95.62%","isHealthy":false}
{"timestamp":"2025-10-19T09:39:38.083Z","level":"warn","message":"WebSocket Health Warning","correlationId":"mgxim5lu-16a301f3","component":"WebSocketService","activeConnections":0,"queueDepth":0,"droppedMessages":0,"heapUsedPercent":"96.19%","isHealthy":false}
{"timestamp":"2025-10-19T09:40:38.089Z","level":"warn","message":"WebSocket Health Warning","correlationId":"mgxinfwp-71b7cca9","component":"WebSocketService","activeConnections":0,"queueDepth":0,"droppedMessages":0,"heapUsedPercent":"96.03%","isHealthy":false}
{"timestamp":"2025-10-19T09:41:38.036Z","level":"warn","message":"🚨 CRITICAL MEMORY PRESSURE - Performing aggressive cleanup","correlationId":"mgxioq5w-6df9cf97","component":"WebSocketService","heapUsedPercent":"96.31%"}
{"timestamp":"2025-10-19T09:41:38.093Z","level":"warn","message":"WebSocket Health Warning","correlationId":"mgxioq7g-306d57c5","component":"WebSocketService","activeConnections":0,"queueDepth":0,"droppedMessages":0,"heapUsedPercent":"96.34%","isHealthy":false}
{"timestamp":"2025-10-19T09:42:38.093Z","level":"warn","message":"WebSocket Health Warning","correlationId":"mgxiq0i5-eb8b73d6","component":"WebSocketService","activeConnections":0,"queueDepth":0,"droppedMessages":0,"heapUsedPercent":"96.45%","isHealthy":false}
{"timestamp":"2025-10-19T09:43:38.093Z","level":"warn","message":"WebSocket Health Warning","correlationId":"mgxirast-efd9c5d7","component":"WebSocketService","activeConnections":0,"queueDepth":0,"droppedMessages":0,"heapUsedPercent":"96.27%","isHealthy":false}
{"timestamp":"2025-10-19T09:44:38.042Z","level":"warn","message":"🚨 CRITICAL MEMORY PRESSURE - Performing aggressive cleanup","correlationId":"mgxisl22-03432e03","component":"WebSocketService","heapUsedPercent":"96.84%"}
{"timestamp":"2025-10-19T09:44:38.103Z","level":"warn","message":"WebSocket Health Warning","correlationId":"mgxisl3r-d5b67d6f","component":"WebSocketService","activeConnections":0,"queueDepth":0,"droppedMessages":0,"heapUsedPercent":"96.86%","isHealthy":false}
{"timestamp":"2025-10-19T09:44:39.097Z","level":"error","message":"Connection timeout","correlationId":"mgxislvd-2042a350","component":"Chanuka"}
{"timestamp":"2025-10-19T09:45:38.107Z","level":"warn","message":"WebSocket Health Warning","correlationId":"mgxitvej-fdbd9e6e","component":"WebSocketService","activeConnections":0,"queueDepth":0,"droppedMessages":0,"heapUsedPercent":"96.59%","isHealthy":false}
{"timestamp":"2025-10-19T09:46:38.115Z","level":"warn","message":"WebSocket Health Warning","correlationId":"mgxiv5pf-3217ec2b","component":"WebSocketService","activeConnections":0,"queueDepth":0,"droppedMessages":0,"heapUsedPercent":"96.70%","isHealthy":false}
{"timestamp":"2025-10-19T09:47:38.057Z","level":"warn","message":"🚨 CRITICAL MEMORY PRESSURE - Performing aggressive cleanup","correlationId":"mgxiwfyh-b8cc97d0","component":"WebSocketService","heapUsedPercent":"97.12%"}
{"timestamp":"2025-10-19T09:47:38.124Z","level":"warn","message":"WebSocket Health Warning","correlationId":"mgxiwg0b-8bbadff9","component":"WebSocketService","activeConnections":0,"queueDepth":0,"droppedMessages":0,"heapUsedPercent":"97.17%","isHealthy":false}
{"timestamp":"2025-10-19T09:48:38.129Z","level":"warn","message":"WebSocket Health Warning","correlationId":"mgxixqb5-d6f3d82b","component":"WebSocketService","activeConnections":0,"queueDepth":0,"droppedMessages":0,"heapUsedPercent":"96.82%","isHealthy":false}
{"timestamp":"2025-10-19T09:48:39.126Z","level":"error","message":"Connection timeout","correlationId":"mgxixr2u-5a97e35f","component":"Chanuka"}
{"timestamp":"2025-10-19T09:49:38.130Z","level":"warn","message":"WebSocket Health Warning","correlationId":"mgxiz0lu-ea35df38","component":"WebSocketService","activeConnections":0,"queueDepth":0,"droppedMessages":0,"heapUsedPercent":"95.83%","isHealthy":false}
{"timestamp":"2025-10-19T09:50:38.067Z","level":"warn","message":"🚨 CRITICAL MEMORY PRESSURE - Performing aggressive cleanup","correlationId":"mgxj0aur-6c203614","component":"WebSocketService","heapUsedPercent":"97.33%"}
{"timestamp":"2025-10-19T09:50:38.141Z","level":"warn","message":"WebSocket Health Warning","correlationId":"mgxj0awt-1981b2b6","component":"WebSocketService","activeConnections":0,"queueDepth":0,"droppedMessages":0,"heapUsedPercent":"97.36%","isHealthy":false}
{"timestamp":"2025-10-19T09:51:38.150Z","level":"warn","message":"WebSocket Health Warning","correlationId":"mgxj1l7q-508c6dc4","component":"WebSocketService","activeConnections":0,"queueDepth":0,"droppedMessages":0,"heapUsedPercent":"96.85%","isHealthy":false}
{"timestamp":"2025-10-19T09:51:39.138Z","level":"error","message":"Connection timeout","correlationId":"mgxj1lz6-aa6826c9","component":"Chanuka"}
{"timestamp":"2025-10-19T09:52:38.156Z","level":"warn","message":"WebSocket Health Warning","correlationId":"mgxj2vik-22c9ca5d","component":"WebSocketService","activeConnections":0,"queueDepth":0,"droppedMessages":0,"heapUsedPercent":"95.98%","isHealthy":false}
{"timestamp":"2025-10-19T09:53:38.067Z","level":"warn","message":"🚨 CRITICAL MEMORY PRESSURE - Performing aggressive cleanup","correlationId":"mgxj45qr-a38e51fa","component":"WebSocketService","heapUsedPercent":"96.81%"}
{"timestamp":"2025-10-19T09:53:38.164Z","level":"warn","message":"WebSocket Health Warning","correlationId":"mgxj45tg-cfe605b2","component":"WebSocketService","activeConnections":0,"queueDepth":0,"droppedMessages":0,"heapUsedPercent":"96.88%","isHealthy":false}
{"timestamp":"2025-10-19T09:54:38.165Z","level":"warn","message":"WebSocket Health Warning","correlationId":"mgxj5g45-b52bcadf","component":"WebSocketService","activeConnections":0,"queueDepth":0,"droppedMessages":0,"heapUsedPercent":"97.34%","isHealthy":false}
{"timestamp":"2025-10-19T09:55:38.169Z","level":"warn","message":"WebSocket Health Warning","correlationId":"mgxj6qex-74869199","component":"WebSocketService","activeConnections":0,"queueDepth":0,"droppedMessages":0,"heapUsedPercent":"97.07%","isHealthy":false}
{"timestamp":"2025-10-19T09:56:38.079Z","level":"warn","message":"🚨 CRITICAL MEMORY PRESSURE - Performing aggressive cleanup","correlationId":"mgxj80n3-0c2c33d4","component":"WebSocketService","heapUsedPercent":"97.41%"}
{"timestamp":"2025-10-19T09:56:38.175Z","level":"warn","message":"WebSocket Health Warning","correlationId":"mgxj80pr-22b02803","component":"WebSocketService","activeConnections":0,"queueDepth":0,"droppedMessages":0,"heapUsedPercent":"97.43%","isHealthy":false}
{"timestamp":"2025-10-19T09:56:39.155Z","level":"error","message":"Connection timeout","correlationId":"mgxj81gz-cee5377d","component":"Chanuka"}
{"timestamp":"2025-10-19T09:57:38.181Z","level":"warn","message":"WebSocket Health Warning","correlationId":"mgxj9b0l-afbbb187","component":"WebSocketService","activeConnections":0,"queueDepth":0,"droppedMessages":0,"heapUsedPercent":"97.44%","isHealthy":false}
{"timestamp":"2025-10-19T09:58:38.191Z","level":"warn","message":"WebSocket Health Warning","correlationId":"mgxjalbj-fd09bad0","component":"WebSocketService","activeConnections":0,"queueDepth":0,"droppedMessages":0,"heapUsedPercent":"97.28%","isHealthy":false}
{"timestamp":"2025-10-19T09:59:38.093Z","level":"warn","message":"🚨 CRITICAL MEMORY PRESSURE - Performing aggressive cleanup","correlationId":"mgxjbvjh-f34c4d27","component":"WebSocketService","heapUsedPercent":"96.87%"}
{"timestamp":"2025-10-19T09:59:38.200Z","level":"warn","message":"WebSocket Health Warning","correlationId":"mgxjbvmg-63c753b2","component":"WebSocketService","activeConnections":0,"queueDepth":0,"droppedMessages":0,"heapUsedPercent":"96.88%","isHealthy":false}
{"timestamp":"2025-10-19T10:00:38.204Z","level":"warn","message":"WebSocket Health Warning","correlationId":"mgxjd5x8-4d4c933a","component":"WebSocketService","activeConnections":0,"queueDepth":0,"droppedMessages":0,"heapUsedPercent":"97.43%","isHealthy":false}
{"timestamp":"2025-10-19T10:00:39.188Z","level":"error","message":"Connection timeout","correlationId":"mgxjd6oj-4e9b8366","component":"Chanuka"}
{"timestamp":"2025-10-19T10:01:38.207Z","level":"warn","message":"WebSocket Health Warning","correlationId":"mgxjeg7z-3a0c31fe","component":"WebSocketService","activeConnections":0,"queueDepth":0,"droppedMessages":0,"heapUsedPercent":"96.97%","isHealthy":false}
{"timestamp":"2025-10-19T10:02:38.092Z","level":"warn","message":"🚨 CRITICAL MEMORY PRESSURE - Performing aggressive cleanup","correlationId":"mgxjfqfg-14e7c90f","component":"WebSocketService","heapUsedPercent":"97.14%"}
{"timestamp":"2025-10-19T10:02:38.217Z","level":"warn","message":"WebSocket Health Warning","correlationId":"mgxjfqix-3f14cb69","component":"WebSocketService","activeConnections":0,"queueDepth":0,"droppedMessages":0,"heapUsedPercent":"97.19%","isHealthy":false}
{"timestamp":"2025-10-19T10:02:39.189Z","level":"error","message":"Connection timeout","correlationId":"mgxjfr9w-c3cf3872","component":"Chanuka"}
{"timestamp":"2025-10-19T10:03:38.224Z","level":"warn","message":"WebSocket Health Warning","correlationId":"mgxjh0ts-17b34256","component":"WebSocketService","activeConnections":0,"queueDepth":0,"droppedMessages":0,"heapUsedPercent":"91.26%","isHealthy":false}
{"timestamp":"2025-10-19T10:04:38.227Z","level":"warn","message":"WebSocket Health Warning","correlationId":"mgxjib4j-38ccc20b","component":"WebSocketService","activeConnections":0,"queueDepth":0,"droppedMessages":0,"heapUsedPercent":"91.86%","isHealthy":false}
{"timestamp":"2025-10-19T10:05:38.097Z","level":"warn","message":"⚠️ HIGH MEMORY PRESSURE - Performing moderate cleanup","correlationId":"mgxjjlbl-068930fd","component":"WebSocketService","heapUsedPercent":"91.99%"}
{"timestamp":"2025-10-19T10:05:38.231Z","level":"warn","message":"WebSocket Health Warning","correlationId":"mgxjjlfb-9c122f9a","component":"WebSocketService","activeConnections":0,"queueDepth":0,"droppedMessages":0,"heapUsedPercent":"92.01%","isHealthy":false}
{"timestamp":"2025-10-19T10:05:39.213Z","level":"error","message":"Connection timeout","correlationId":"mgxjjm6l-1288b059","component":"Chanuka"}
{"timestamp":"2025-10-21T11:42:21.934Z","level":"error","message":"Error generating coverage report:","correlationId":"mh0hvoxa-56bbb8a7","error":{"error":{}}}
{"timestamp":"2025-10-21T11:51:41.520Z","level":"error","message":"Error generating coverage report:","correlationId":"mh0i7opc-4132d735","error":{"error":{}}}
{"timestamp":"2025-10-21T12:18:54.925Z","level":"error","message":"Error generating coverage report:","correlationId":"mh0j6p1p-fe27b89f","error":{"error":{}}}
{"timestamp":"2025-10-21T12:58:06.438Z","level":"error","message":"Error generating coverage report:","correlationId":"mh0kl3hi-2b80d8f8","error":{"error":{}}}
{"timestamp":"2025-10-21T13:26:51.403Z","level":"error","message":"Error generating coverage report:","correlationId":"mh0lm2h7-a5e356f3","error":{"error":{}}}
{"timestamp":"2025-10-21T13:44:40.247Z","level":"error","message":"Error generating coverage report:","correlationId":"mh0m8z7b-d6157fee","error":{"error":{}}}
{"timestamp":"2025-10-21T17:11:30.431Z","level":"error","message":"Migration process failed:","correlationId":"mh0tmyyn-57783ee8","component":"Chanuka","error":{"error":"connection is insecure (try using `sslmode=require`)","type":"string"}}
{"timestamp":"2025-10-21T17:22:13.713Z","level":"error","message":"Migration process failed:","correlationId":"mh0u0rbl-89f6a510","component":"Chanuka","error":{"error":"connection is insecure (try using `sslmode=require`)","type":"string"}}
{"timestamp":"2025-10-21T17:23:02.320Z","level":"error","message":"Migration process failed:","correlationId":"mh0u1sts-c4859bf0","component":"Chanuka","error":{"error":"connection is insecure (try using `sslmode=require`)","type":"string"}}
{"timestamp":"2025-10-21T18:21:27.052Z","level":"error","message":"Migration process failed:","correlationId":"mh0w4x3g-13e5c695","component":"Chanuka","error":{"error":"connection is insecure (try using `sslmode=require`)","type":"string"}}
{"timestamp":"2025-10-21T18:22:41.963Z","level":"error","message":"Migration process failed:","correlationId":"mh0w6iwb-3b0dd13a","component":"Chanuka","error":{"error":"connection is insecure (try using `sslmode=require`)","type":"string"}}
